<?xml version="1.0" encoding="UTF-8"?>
<testng-results ignored="0" total="1" passed="1" failed="0" skipped="0">
  <reporter-output>
  </reporter-output>
  <suite started-at="2026-02-17T18:35:45 IST" name="Default suite" finished-at="2026-02-17T18:36:24 IST" duration-ms="39016">
    <groups>
    </groups>
    <test started-at="2026-02-17T18:35:45 IST" name="Default test" finished-at="2026-02-17T18:36:24 IST" duration-ms="39016">
      <class name="Test_Component.InsertTemplateTest">
        <test-method is-config="true" signature="setup()[pri:0, instance:Test_Component.InsertTemplateTest@3bd82cf5]" started-at="2026-02-17T18:35:45 IST" name="setup" finished-at="2026-02-17T18:35:54 IST" duration-ms="8197" status="PASS">
          <reporter-output>
          </reporter-output>
        </test-method> <!-- setup -->
        <test-method signature="testInsertTemplate()[pri:0, instance:Test_Component.InsertTemplateTest@3bd82cf5]" started-at="2026-02-17T18:35:54 IST" name="testInsertTemplate" finished-at="2026-02-17T18:36:24 IST" duration-ms="30722" status="PASS">
          <reporter-output>
          </reporter-output>
        </test-method> <!-- testInsertTemplate -->
        <test-method is-config="true" signature="tearDown(org.testng.ITestResult)[pri:0, instance:Test_Component.InsertTemplateTest@3bd82cf5]" started-at="2026-02-17T18:36:24 IST" name="tearDown" finished-at="2026-02-17T18:36:24 IST" duration-ms="10" status="PASS">
          <params>
            <param index="0">
              <value>
                <![CDATA[[TestResult name=testInsertTemplate status=SUCCESS method=InsertTemplateTest.testInsertTemplate()[pri:0, instance:Test_Component.InsertTemplateTest@3bd82cf5] output={null}]]]>
              </value>
            </param>
          </params>
          <reporter-output>
          </reporter-output>
        </test-method> <!-- tearDown -->
      </class> <!-- Test_Component.InsertTemplateTest -->
    </test> <!-- Default test -->
  </suite> <!-- Default suite -->
</testng-results>
