<?xml version="1.0" encoding="UTF-8"?>
<testng-results ignored="0" total="1" passed="1" failed="0" skipped="0">
  <reporter-output>
  </reporter-output>
  <suite started-at="2026-01-06T15:40:46 IST" name="Default suite" finished-at="2026-01-06T15:41:26 IST" duration-ms="39795">
    <groups>
    </groups>
    <test started-at="2026-01-06T15:40:46 IST" name="Default test" finished-at="2026-01-06T15:41:26 IST" duration-ms="39795">
      <class name="Test_Component.DeleteContentTest">
        <test-method is-config="true" signature="setup()[pri:0, instance:Test_Component.DeleteContentTest@4c178a76]" started-at="2026-01-06T15:40:46 IST" name="setup" finished-at="2026-01-06T15:40:54 IST" duration-ms="7613" status="PASS">
          <reporter-output>
          </reporter-output>
        </test-method> <!-- setup -->
        <test-method signature="testDeleteContent()[pri:0, instance:Test_Component.DeleteContentTest@4c178a76]" started-at="2026-01-06T15:40:54 IST" name="testDeleteContent" finished-at="2026-01-06T15:41:25 IST" duration-ms="31659" status="PASS">
          <reporter-output>
          </reporter-output>
        </test-method> <!-- testDeleteContent -->
        <test-method is-config="true" signature="teardown()[pri:0, instance:Test_Component.DeleteContentTest@4c178a76]" started-at="2026-01-06T15:41:25 IST" name="teardown" finished-at="2026-01-06T15:41:26 IST" duration-ms="475" status="PASS">
          <reporter-output>
          </reporter-output>
        </test-method> <!-- teardown -->
      </class> <!-- Test_Component.DeleteContentTest -->
    </test> <!-- Default test -->
  </suite> <!-- Default suite -->
</testng-results>
